<?xml version="1.0" encoding="UTF-8"?>
<!-- Generated by org.testng.reporters.JUnitXMLReporter -->
<testsuite hostname="Lenovo" ignored="0" name="Test" tests="7" failures="1" timestamp="2021-09-22T10:54:51 IST" time="0.28" errors="0">
  <testcase name="password" time="0.028" classname="com.TestNG.Features.My_Test"/>
  <testcase name="username" time="0.01" classname="com.TestNG.Features.My_Test">
    <skipped/>
  </testcase> <!-- username -->
  <testcase name="username" time="0.006" classname="com.TestNG.Features.My_Test">
    <skipped/>
  </testcase> <!-- username -->
  <testcase name="username" time="0.004" classname="com.TestNG.Features.My_Test">
    <skipped/>
  </testcase> <!-- username -->
  <testcase name="username" time="0.006" classname="com.TestNG.Features.My_Test">
    <skipped/>
  </testcase> <!-- username -->
  <testcase name="username" time="0.004" classname="com.TestNG.Features.My_Test">
    <skipped/>
  </testcase> <!-- username -->
  <testcase name="username" time="0.004" classname="com.TestNG.Features.My_Test">
    <failure type="java.lang.AssertionError" message="expected [Starc] but found [Smith]">
      <![CDATA[java.lang.AssertionError: expected [Starc] but found [Smith]
at com.TestNG.Features.My_Test.username(My_Test.java:16)
at java.util.ArrayList.forEach(Unknown Source)
... Removed 33 stack frames]]>
    </failure>
  </testcase> <!-- username -->
</testsuite> <!-- Test -->
