<?xml version="1.0" encoding="UTF-8"?>
<testng-results skipped="0" failed="0" ignored="0" total="3" passed="3">
  <reporter-output>
  </reporter-output>
  <suite name="Default suite" duration-ms="27304" started-at="2021-09-26T12:23:02 IST" finished-at="2021-09-26T12:23:30 IST">
    <groups>
    </groups>
    <test name="Default test" duration-ms="27304" started-at="2021-09-26T12:23:02 IST" finished-at="2021-09-26T12:23:30 IST">
      <class name="com.TestNG_Sep_Batch.Runner_1">
        <test-method status="PASS" signature="launch_Url()[pri:-1, instance:com.TestNG_Sep_Batch.Runner_1@33bc72d1]" name="launch_Url" duration-ms="22275" started-at="2021-09-26T12:23:03 IST" finished-at="2021-09-26T12:23:25 IST">
          <reporter-output>
          </reporter-output>
        </test-method> <!-- launch_Url -->
        <test-method status="PASS" signature="username()[pri:1, instance:com.TestNG_Sep_Batch.Runner_1@33bc72d1]" name="username" duration-ms="1607" started-at="2021-09-26T12:23:25 IST" finished-at="2021-09-26T12:23:27 IST">
          <reporter-output>
          </reporter-output>
        </test-method> <!-- username -->
        <test-method status="PASS" signature="login_Btn()[pri:3, instance:com.TestNG_Sep_Batch.Runner_1@33bc72d1]" name="login_Btn" duration-ms="2857" started-at="2021-09-26T12:23:27 IST" finished-at="2021-09-26T12:23:30 IST">
          <reporter-output>
          </reporter-output>
        </test-method> <!-- login_Btn -->
      </class> <!-- com.TestNG_Sep_Batch.Runner_1 -->
    </test> <!-- Default test -->
  </suite> <!-- Default suite -->
</testng-results>
